iMPACT Version: 14.4

iMPACT log file Started on Tue Mar 26 16:02:50 2013

Welcome to iMPACT
iMPACT Version: 14.4
// *** BATCH CMD : setMode -bs
GUI --- Auto connect to cable...
// *** BATCH CMD : setCable -port auto
INFO:iMPACT - Digilent Plugin: Plugin Version: 2.4.4
INFO:iMPACT - Digilent Plugin: found 1 device(s).
INFO:iMPACT - Digilent Plugin: opening device: "Nexys2", SN:10054D431355
INFO:iMPACT - Digilent Plugin: User Name: Nexys2
INFO:iMPACT - Digilent Plugin: Product Name: Onboard USB
INFO:iMPACT - Digilent Plugin: Serial Number: 10054D431355
INFO:iMPACT - Digilent Plugin: Product ID: 00100005
INFO:iMPACT - Digilent Plugin: Firmware Version: 0305
INFO:iMPACT - Digilent Plugin: JTAG Port Number: 0
INFO:iMPACT - Digilent Plugin: JTAG Clock Frequency: 1600000 Hz
Attempting to identify devices in the boundary-scan chain configuration...
INFO:iMPACT - Current time: 3/26/2013 4:02:58 PM
// *** BATCH CMD : Identify -inferir 
PROGRESS_START - Starting Operation.
Identifying chain contents...'0': : Manufacturer's ID = Xilinx xcf04s, Version : 13
INFO:iMPACT:1777 - 
   Reading C:/Xilinx/14.4/ISE_DS/ISE/xcf/data/xcf04s.bsd...
INFO:iMPACT:501 - '1': Added Device xcf04s successfully.
----------------------------------------------------------------------
'1': : Manufacturer's ID = Xilinx xc3s500e, Version : 4
INFO:iMPACT:1777 - 
   Reading C:/Xilinx/14.4/ISE_DS/ISE/spartan3e/data/xc3s500e.bsd...
INFO:iMPACT:501 - '1': Added Device xc3s500e successfully.
----------------------------------------------------------------------
done.
PROGRESS_END - End Operation.
Elapsed time =      0 sec.
// *** BATCH CMD : identifyMPM 
// *** BATCH CMD : assignFile -p 1 -file"Z:/Desktop/github/ponggame/ponggame.bit"
'1': Loading file 'Z:/Desktop/github/ponggame/ponggame.bit' ...
done.
UserID read from the bitstream file = 0xFFFFFFFF.
----------------------------------------------------------------------
INFO:iMPACT:501 - '1': Added Device xc3s500e successfully.
----------------------------------------------------------------------
// *** BATCH CMD : assignFile -p 2 -file"Z:/Desktop/github/ponggame/ponggamerom.mcs"
'2': Loading file 'Z:/Desktop/github/ponggame/ponggamerom.mcs' ...
done.
// *** BATCH CMD : setAttribute -position 2 -attr packageName -value ""
INFO:iMPACT - Current time: 3/26/2013 4:06:53 PM
// *** BATCH CMD : Program -p 2 -e -v 
PROGRESS_START - Starting Operation.
Maximum TCK operating frequency for this device chain: 0.
Validating chain...
Boundary-scan chain validated successfully.
'2': Erasing device...
'2': Erasure completed successfully.
'2': Programming device...
done.
'2': Putting device in ISP mode...done.
'2': Putting device in ISP mode...done.
'2': Verifying device...done.
'2': Verification completed successfully.
'2': Calculated checksum matches expected checksum, 003b6d8d9
'2': Putting device in ISP mode...done.
'2': Putting device in ISP mode...done.
'2': Setting user-programmable bits...
done.
'2': Putting device in ISP mode...done.
'2': Programming completed successfully.
PROGRESS_END - End Operation.
Elapsed time =    336 sec.
// *** BATCH CMD : setMode -bs
INFO:iMPACT - Launching WebTalk, please refer to the webtalk log at   C:\project\calculator/webtalk.log for details.
ERROR:iMPACT - Failed to execute wbtc: Process crashed.
// *** BATCH CMD : setMode -bs
// *** BATCH CMD : deleteDevice -position 1
----------------------------------------------------------------------
// *** BATCH CMD : deleteDevice -position 1
// *** BATCH CMD : setMode -bs
// *** BATCH CMD : setMode -ss
// *** BATCH CMD : setMode -sm
// *** BATCH CMD : setMode -hw140
// *** BATCH CMD : setMode -spi
// *** BATCH CMD : setMode -acecf
// *** BATCH CMD : setMode -acempm
// *** BATCH CMD : setMode -pff
