
****** PlanAhead v14.4 (64-bit)
  **** Build 222254 by xbuild on Tue Dec 18 05:21:09 MST 2012
    ** Copyright 1986-1999, 2001-2012 Xilinx, Inc. All Rights Reserved.

INFO: [Common 17-78] Attempting to get a license: PlanAhead
INFO: [Common 17-290] Got license for PlanAhead
INFO: [Device 21-36] Loading parts and site information from C:/Xilinx/14.4/ISE_DS/PlanAhead/data/parts/arch.xml
Parsing RTL primitives file [C:/Xilinx/14.4/ISE_DS/PlanAhead/data/parts/xilinx/rtl/prims/rtl_prims.xml]
Finished parsing RTL primitives file [C:/Xilinx/14.4/ISE_DS/PlanAhead/data/parts/xilinx/rtl/prims/rtl_prims.xml]
start_gui
source C:/project/ponggame/pa.fromNetlist.tcl
# create_project -name ponggame -dir "C:/project/ponggame/planAhead_run_1" -part xc3s500efg320-5
create_project: Time (s): elapsed = 00:00:11 . Memory (MB): peak = 364.203 ; gain = 46.711
# set_property design_mode GateLvl [get_property srcset [current_run -impl]]
# set_property edif_top_file "C:/project/ponggame/ponggame.ngc" [ get_property srcset [ current_run ] ]
# add_files -norecurse { {C:/project/ponggame} }
# set_param project.pinAheadLayout  yes
# set_property target_constrs_file "ponggame.ucf" [current_fileset -constrset]
Adding file 'C:/project/ponggame/ponggame.ucf' to fileset 'constrs_1'
# add_files [list {ponggame.ucf}] -fileset [get_property constrset [current_run]]
# link_design
Design is defaulting to srcset: sources_1
Design is defaulting to constrset: constrs_1
Design is defaulting to project part: xc3s500efg320-5
Release 14.4 - ngc2edif P.49d (nt64)
Copyright (c) 1995-2012 Xilinx, Inc.  All rights reserved.
Reading design ponggame.ngc ...
WARNING:NetListWriters:298 - No output is written to ponggame.xncf, ignored.
Processing design ...
   Preping design's networks ...
   Preping design's macros ...
  finished :Prep
Writing EDIF netlist file ponggame.edif ...
ngc2edif: Total memory usage is 76832 kilobytes

Parsing EDIF File [./planAhead_run_1/ponggame.data/cache/ponggame_ngc_zx.edif]
Finished Parsing EDIF File [./planAhead_run_1/ponggame.data/cache/ponggame_ngc_zx.edif]
INFO: [Designutils 20-910] Reading macro library C:/Xilinx/14.4/ISE_DS/PlanAhead/data\./parts/xilinx/spartan3e/spartan3e/hd_int_macros.edn
Parsing EDIF File [C:/Xilinx/14.4/ISE_DS/PlanAhead/data\./parts/xilinx/spartan3e/spartan3e/hd_int_macros.edn]
Finished Parsing EDIF File [C:/Xilinx/14.4/ISE_DS/PlanAhead/data\./parts/xilinx/spartan3e/spartan3e/hd_int_macros.edn]
Loading clock regions from C:/Xilinx/14.4/ISE_DS/PlanAhead/data\parts/xilinx/spartan3e/spartan3e/xc3s500e/ClockRegion.xml
Loading clock buffers from C:/Xilinx/14.4/ISE_DS/PlanAhead/data\parts/xilinx/spartan3e/spartan3e/xc3s500e/ClockBuffers.xml
Loading package from C:/Xilinx/14.4/ISE_DS/PlanAhead/data\parts/xilinx/spartan3e/spartan3e/xc3s500e/fg320/Package.xml
Loading io standards from C:/Xilinx/14.4/ISE_DS/PlanAhead/data\./parts/xilinx/spartan3e/IOStandards.xml
INFO: [Device 21-19] Loading pkg sso from C:/Xilinx/14.4/ISE_DS/PlanAhead/data\parts/xilinx/spartan3e/spartan3e/xc3s500e/fg320/SSORules.xml
Loading list of drcs for the architecture : C:/Xilinx/14.4/ISE_DS/PlanAhead/data\./parts/xilinx/spartan3e/spartan3e/drc.xml
INFO: [Timing 38-77] Reading timing library C:/Xilinx/14.4/ISE_DS/PlanAhead/data\parts/xilinx/spartan3e/spartan3e/spartan3e-5.lib.
INFO: [Timing 38-34] Done reading timing library C:/Xilinx/14.4/ISE_DS/PlanAhead/data\parts/xilinx/spartan3e/spartan3e/spartan3e-5.lib.
Parsing UCF File [C:/project/ponggame/ponggame.ucf]
Finished Parsing UCF File [C:/project/ponggame/ponggame.ucf]
INFO: [Project 1-111] Unisim Transformation Summary:
No Unisim elements were transformed.

Phase 0 | Netlist Checksum: cfc380b5
link_design: Time (s): elapsed = 00:00:22 . Memory (MB): peak = 384.898 ; gain = 20.695
exit
ERROR: [Common 17-39] 'stop_gui' failed due to earlier errors.
INFO: [Common 17-206] Exiting PlanAhead at Sun Mar 10 22:50:30 2013...
INFO: [Common 17-83] Releasing license: PlanAhead
